#
# There is insufficient memory for the Java Runtime Environment to continue.
# Native memory allocation (malloc) failed to allocate 1077856 bytes for Chunk::new
# Possible reasons:
#   The system is out of physical RAM or swap space
#   The process is running with CompressedOops enabled, and the Java Heap may be blocking the growth of the native heap
# Possible solutions:
#   Reduce memory load on the system
#   Increase physical memory or swap space
#   Check if swap backing store is full
#   Decrease Java heap size (-Xmx/-Xms)
#   Decrease number of Java threads
#   Decrease Java thread stack sizes (-Xss)
#   Set larger code cache with -XX:ReservedCodeCacheSize=
#   JVM is running with Unscaled Compressed Oops mode in which the Java heap is
#     placed in the first 4GB address space. The Java Heap base address is the
#     maximum limit for the native heap growth. Please use -XX:HeapBaseMinAddress
#     to set the Java Heap base and to place the Java Heap above 4GB virtual address.
# This output file may be truncated or incomplete.
#
#  Out of Memory Error (allocation.cpp:389), pid=22328, tid=0x0000000000005724
#
# JRE version: OpenJDK Runtime Environment (8.0_332-b08) (build 1.8.0_332-b08)
# Java VM: OpenJDK 64-Bit Server VM (25.332-b08 mixed mode windows-amd64 compressed oops)
# Failed to write core dump. Minidumps are not enabled by default on client versions of Windows
#

---------------  T H R E A D  ---------------

Current thread (0x000001703989a000):  JavaThread "C2 CompilerThread2" daemon [_thread_in_native, id=22308, stack(0x000000531bb00000,0x000000531bc00000)]

Stack: [0x000000531bb00000,0x000000531bc00000]
[error occurred during error reporting (printing stack bounds), id 0xc0000005]

Native frames: (J=compiled Java code, j=interpreted, Vv=VM code, C=native code)


Current CompileTask:
C2:   4911 3211       4       org.apache.maven.model.io.xpp3.MavenXpp3Reader::parseDependency (468 bytes)


---------------  P R O C E S S  ---------------

Java Threads: ( => current thread )
  0x00000170398fc000 JavaThread "Service Thread" daemon [_thread_blocked, id=16032, stack(0x000000531bd00000,0x000000531be00000)]
  0x000001703989b000 JavaThread "C1 CompilerThread3" daemon [_thread_blocked, id=24472, stack(0x000000531bc00000,0x000000531bd00000)]
=>0x000001703989a000 JavaThread "C2 CompilerThread2" daemon [_thread_in_native, id=22308, stack(0x000000531bb00000,0x000000531bc00000)]
  0x0000017039898000 JavaThread "C2 CompilerThread1" daemon [_thread_in_native, id=22928, stack(0x000000531ba00000,0x000000531bb00000)]
  0x0000017039897800 JavaThread "C2 CompilerThread0" daemon [_thread_in_native, id=11316, stack(0x000000531b900000,0x000000531ba00000)]
  0x0000017039894800 JavaThread "Monitor Ctrl-Break" daemon [_thread_in_native, id=10204, stack(0x000000531b800000,0x000000531b900000)]
  0x0000017037b13000 JavaThread "Attach Listener" daemon [_thread_blocked, id=22184, stack(0x000000531b700000,0x000000531b800000)]
  0x0000017037afe800 JavaThread "Signal Dispatcher" daemon [_thread_blocked, id=4108, stack(0x000000531b600000,0x000000531b700000)]
  0x0000017037a7a800 JavaThread "Finalizer" daemon [_thread_blocked, id=21584, stack(0x000000531b500000,0x000000531b600000)]
  0x0000017037a79000 JavaThread "Reference Handler" daemon [_thread_blocked, id=6796, stack(0x000000531b400000,0x000000531b500000)]
  0x000001702174e800 JavaThread "main" [_thread_in_vm, id=14520, stack(0x000000531aa00000,0x000000531ab00000)]

Other Threads:
  0x0000017037a49800 VMThread [stack: 0x000000531b300000,0x000000531b400000] [id=1740]
  0x00000170398fd000 WatcherThread [stack: 0x000000531be00000,0x000000531bf00000] [id=14488]

VM state:not at safepoint (normal execution)

VM Mutex/Monitor currently owned by a thread: None

heap address: 0x0000000083800000, size: 1992 MB, Compressed Oops mode: 32-bit
Narrow klass base: 0x0000000000000000, Narrow klass shift: 3
Compressed class space size: 1073741824 Address: 0x0000000100000000

Heap:
 PSYoungGen      total 70656K, used 29931K [0x00000000d6800000, 0x00000000db200000, 0x0000000100000000)
  eden space 65536K, 37% used [0x00000000d6800000,0x00000000d8040d98,0x00000000da800000)
  from space 5120K, 99% used [0x00000000da800000,0x00000000dacfa060,0x00000000dad00000)
  to   space 5120K, 0% used [0x00000000dad00000,0x00000000dad00000,0x00000000db200000)
 ParOldGen       total 86016K, used 16054K [0x0000000083800000, 0x0000000088c00000, 0x00000000d6800000)
  object space 86016K, 18% used [0x0000000083800000,0x00000000847adb38,0x0000000088c00000)
 Metaspace       used 17021K, capacity 17442K, committed 17792K, reserved 1064960K
  class space    used 1948K, capacity 2052K, committed 2176K, reserved 1048576K

Card table byte_map: [0x0000017032760000,0x0000017032b50000] byte_map_base: 0x0000017032344000

Marking Bits: (ParMarkBitMap*) 0x0000000072d87850
 Begin Bits: [0x0000017032df0000, 0x0000017034d10000)
 End Bits:   [0x0000017034d10000, 0x0000017036c30000)

Polling page: 0x0000017021850000

CodeCache: size=245760Kb used=11932Kb max_used=11932Kb free=233827Kb
 bounds [0x00000170233a0000, 0x0000017023f60000, 0x00000170323a0000]
 total_blobs=3640 nmethods=3262 adapters=289
 compilation: enabled

Compilation events (10 events):
Event: 4.888 Thread 0x000001703989b000 3259       3       org.eclipse.aether.internal.impl.collect.DefaultDependencyCollector$PremanagedDependency::applyTo (66 bytes)
Event: 4.888 Thread 0x000001703989b000 nmethod 3259 0x0000017023f41c90 code [0x0000017023f41e40, 0x0000017023f42490]
Event: 4.903 Thread 0x000001703989b000 3260       3       org.eclipse.aether.util.graph.selector.AndDependencySelector::hashCode (35 bytes)
Event: 4.903 Thread 0x000001703989b000 nmethod 3260 0x0000017023f43b10 code [0x0000017023f43c80, 0x0000017023f43ef0]
Event: 4.903 Thread 0x000001703989b000 3261       3       org.eclipse.aether.util.graph.manager.ClassicDependencyManager::hashCode (90 bytes)
Event: 4.903 Thread 0x000001703989b000 nmethod 3261 0x0000017023f41450 code [0x0000017023f41600, 0x0000017023f41b00]
Event: 4.903 Thread 0x000001703989b000 3262       3       org.eclipse.aether.util.graph.traverser.FatArtifactTraverser::hashCode (8 bytes)
Event: 4.903 Thread 0x000001703989b000 nmethod 3262 0x0000017023f46710 code [0x0000017023f46880, 0x0000017023f46b30]
Event: 4.903 Thread 0x000001703989b000 3263       3       org.eclipse.aether.internal.impl.collect.DataPool::getChildren (14 bytes)
Event: 4.903 Thread 0x000001703989b000 nmethod 3263 0x0000017023f46190 code [0x0000017023f46300, 0x0000017023f46630]

GC Heap History (10 events):
Event: 1.627 GC heap before
{Heap before GC invocations=1 (full 0):
 PSYoungGen      total 37888K, used 32768K [0x00000000d6800000, 0x00000000d9200000, 0x0000000100000000)
  eden space 32768K, 100% used [0x00000000d6800000,0x00000000d8800000,0x00000000d8800000)
  from space 5120K, 0% used [0x00000000d8d00000,0x00000000d8d00000,0x00000000d9200000)
  to   space 5120K, 0% used [0x00000000d8800000,0x00000000d8800000,0x00000000d8d00000)
 ParOldGen       total 86016K, used 0K [0x0000000083800000, 0x0000000088c00000, 0x00000000d6800000)
  object space 86016K, 0% used [0x0000000083800000,0x0000000083800000,0x0000000088c00000)
 Metaspace       used 8818K, capacity 8956K, committed 9088K, reserved 1056768K
  class space    used 1045K, capacity 1112K, committed 1152K, reserved 1048576K
Event: 1.632 GC heap after
Heap after GC invocations=1 (full 0):
 PSYoungGen      total 37888K, used 5089K [0x00000000d6800000, 0x00000000d9200000, 0x0000000100000000)
  eden space 32768K, 0% used [0x00000000d6800000,0x00000000d6800000,0x00000000d8800000)
  from space 5120K, 99% used [0x00000000d8800000,0x00000000d8cf8558,0x00000000d8d00000)
  to   space 5120K, 0% used [0x00000000d8d00000,0x00000000d8d00000,0x00000000d9200000)
 ParOldGen       total 86016K, used 352K [0x0000000083800000, 0x0000000088c00000, 0x00000000d6800000)
  object space 86016K, 0% used [0x0000000083800000,0x0000000083858018,0x0000000088c00000)
 Metaspace       used 8818K, capacity 8956K, committed 9088K, reserved 1056768K
  class space    used 1045K, capacity 1112K, committed 1152K, reserved 1048576K
}
Event: 2.024 GC heap before
{Heap before GC invocations=2 (full 0):
 PSYoungGen      total 37888K, used 37857K [0x00000000d6800000, 0x00000000d9200000, 0x0000000100000000)
  eden space 32768K, 100% used [0x00000000d6800000,0x00000000d8800000,0x00000000d8800000)
  from space 5120K, 99% used [0x00000000d8800000,0x00000000d8cf8558,0x00000000d8d00000)
  to   space 5120K, 0% used [0x00000000d8d00000,0x00000000d8d00000,0x00000000d9200000)
 ParOldGen       total 86016K, used 352K [0x0000000083800000, 0x0000000088c00000, 0x00000000d6800000)
  object space 86016K, 0% used [0x0000000083800000,0x0000000083858018,0x0000000088c00000)
 Metaspace       used 11690K, capacity 11854K, committed 12032K, reserved 1060864K
  class space    used 1400K, capacity 1478K, committed 1536K, reserved 1048576K
Event: 2.031 GC heap after
Heap after GC invocations=2 (full 0):
 PSYoungGen      total 37888K, used 5115K [0x00000000d6800000, 0x00000000db200000, 0x0000000100000000)
  eden space 32768K, 0% used [0x00000000d6800000,0x00000000d6800000,0x00000000d8800000)
  from space 5120K, 99% used [0x00000000d8d00000,0x00000000d91fee98,0x00000000d9200000)
  to   space 5120K, 0% used [0x00000000d8800000,0x00000000d8800000,0x00000000d8d00000)
 ParOldGen       total 86016K, used 2082K [0x0000000083800000, 0x0000000088c00000, 0x00000000d6800000)
  object space 86016K, 2% used [0x0000000083800000,0x0000000083a08b90,0x0000000088c00000)
 Metaspace       used 11690K, capacity 11854K, committed 12032K, reserved 1060864K
  class space    used 1400K, capacity 1478K, committed 1536K, reserved 1048576K
}
Event: 2.628 GC heap before
{Heap before GC invocations=3 (full 0):
 PSYoungGen      total 37888K, used 37883K [0x00000000d6800000, 0x00000000db200000, 0x0000000100000000)
  eden space 32768K, 100% used [0x00000000d6800000,0x00000000d8800000,0x00000000d8800000)
  from space 5120K, 99% used [0x00000000d8d00000,0x00000000d91fee98,0x00000000d9200000)
  to   space 5120K, 0% used [0x00000000d8800000,0x00000000d8800000,0x00000000d8d00000)
 ParOldGen       total 86016K, used 2082K [0x0000000083800000, 0x0000000088c00000, 0x00000000d6800000)
  object space 86016K, 2% used [0x0000000083800000,0x0000000083a08b90,0x0000000088c00000)
 Metaspace       used 15282K, capacity 15562K, committed 15872K, reserved 1062912K
  class space    used 1870K, capacity 1974K, committed 2048K, reserved 1048576K
Event: 2.638 GC heap after
Heap after GC invocations=3 (full 0):
 PSYoungGen      total 37888K, used 5112K [0x00000000d6800000, 0x00000000db200000, 0x0000000100000000)
  eden space 32768K, 0% used [0x00000000d6800000,0x00000000d6800000,0x00000000d8800000)
  from space 5120K, 99% used [0x00000000d8800000,0x00000000d8cfe010,0x00000000d8d00000)
  to   space 5120K, 0% used [0x00000000dad00000,0x00000000dad00000,0x00000000db200000)
 ParOldGen       total 86016K, used 4901K [0x0000000083800000, 0x0000000088c00000, 0x00000000d6800000)
  object space 86016K, 5% used [0x0000000083800000,0x0000000083cc95e8,0x0000000088c00000)
 Metaspace       used 15282K, capacity 15562K, committed 15872K, reserved 1062912K
  class space    used 1870K, capacity 1974K, committed 2048K, reserved 1048576K
}
Event: 3.341 GC heap before
{Heap before GC invocations=4 (full 0):
 PSYoungGen      total 37888K, used 37880K [0x00000000d6800000, 0x00000000db200000, 0x0000000100000000)
  eden space 32768K, 100% used [0x00000000d6800000,0x00000000d8800000,0x00000000d8800000)
  from space 5120K, 99% used [0x00000000d8800000,0x00000000d8cfe010,0x00000000d8d00000)
  to   space 5120K, 0% used [0x00000000dad00000,0x00000000dad00000,0x00000000db200000)
 ParOldGen       total 86016K, used 4901K [0x0000000083800000, 0x0000000088c00000, 0x00000000d6800000)
  object space 86016K, 5% used [0x0000000083800000,0x0000000083cc95e8,0x0000000088c00000)
 Metaspace       used 16247K, capacity 16546K, committed 16640K, reserved 1064960K
  class space    used 1931K, capacity 2042K, committed 2048K, reserved 1048576K
Event: 3.359 GC heap after
Heap after GC invocations=4 (full 0):
 PSYoungGen      total 70656K, used 5096K [0x00000000d6800000, 0x00000000db200000, 0x0000000100000000)
  eden space 65536K, 0% used [0x00000000d6800000,0x00000000d6800000,0x00000000da800000)
  from space 5120K, 99% used [0x00000000dad00000,0x00000000db1fa060,0x00000000db200000)
  to   space 5120K, 0% used [0x00000000da800000,0x00000000da800000,0x00000000dad00000)
 ParOldGen       total 86016K, used 9153K [0x0000000083800000, 0x0000000088c00000, 0x00000000d6800000)
  object space 86016K, 10% used [0x0000000083800000,0x00000000840f0568,0x0000000088c00000)
 Metaspace       used 16247K, capacity 16546K, committed 16640K, reserved 1064960K
  class space    used 1931K, capacity 2042K, committed 2048K, reserved 1048576K
}
Event: 4.513 GC heap before
{Heap before GC invocations=5 (full 0):
 PSYoungGen      total 70656K, used 70632K [0x00000000d6800000, 0x00000000db200000, 0x0000000100000000)
  eden space 65536K, 100% used [0x00000000d6800000,0x00000000da800000,0x00000000da800000)
  from space 5120K, 99% used [0x00000000dad00000,0x00000000db1fa060,0x00000000db200000)
  to   space 5120K, 0% used [0x00000000da800000,0x00000000da800000,0x00000000dad00000)
 ParOldGen       total 86016K, used 9153K [0x0000000083800000, 0x0000000088c00000, 0x00000000d6800000)
  object space 86016K, 10% used [0x0000000083800000,0x00000000840f0568,0x0000000088c00000)
 Metaspace       used 16808K, capacity 17174K, committed 17536K, reserved 1064960K
  class space    used 1938K, capacity 2050K, committed 2176K, reserved 1048576K
Event: 4.534 GC heap after
Heap after GC invocations=5 (full 0):
 PSYoungGen      total 70656K, used 5096K [0x00000000d6800000, 0x00000000db200000, 0x0000000100000000)
  eden space 65536K, 0% used [0x00000000d6800000,0x00000000d6800000,0x00000000da800000)
  from space 5120K, 99% used [0x00000000da800000,0x00000000dacfa060,0x00000000dad00000)
  to   space 5120K, 0% used [0x00000000dad00000,0x00000000dad00000,0x00000000db200000)
 ParOldGen       total 86016K, used 16054K [0x0000000083800000, 0x0000000088c00000, 0x00000000d6800000)
  object space 86016K, 18% used [0x0000000083800000,0x00000000847adb38,0x0000000088c00000)
 Metaspace       used 16808K, capacity 17174K, committed 17536K, reserved 1064960K
  class space    used 1938K, capacity 2050K, committed 2176K, reserved 1048576K
}

Deoptimization events (10 events):
Event: 3.558 Thread 0x000001702174e800 Uncommon trap: reason=unstable_if action=reinterpret pc=0x0000017023b7365c method=org.codehaus.plexus.util.xml.pull.MXParser.parseAttribute()C @ 1002
Event: 3.701 Thread 0x000001702174e800 Uncommon trap: reason=null_check action=make_not_entrant pc=0x0000017023c96bc0 method=org.apache.maven.model.validation.DefaultModelValidator.validateEffectiveDependency(Lorg/apache/maven/model/building/ModelProblemCollector;Lorg/apache/maven/model/Depend
Event: 3.774 Thread 0x000001702174e800 Uncommon trap: reason=unstable_if action=reinterpret pc=0x00000170239e04dc method=java.util.LinkedHashMap.afterNodeInsertion(Z)V @ 18
Event: 3.867 Thread 0x000001702174e800 Uncommon trap: reason=unstable_if action=reinterpret pc=0x00000170239a8464 method=org.codehaus.plexus.util.xml.pull.MXParser.isS(C)Z @ 21
Event: 3.867 Thread 0x000001702174e800 Uncommon trap: reason=unstable_if action=reinterpret pc=0x0000017023924268 method=org.codehaus.plexus.util.xml.pull.MXParser.isS(C)Z @ 21
Event: 4.352 Thread 0x000001702174e800 Uncommon trap: reason=unstable_if action=reinterpret pc=0x0000017023ca12c4 method=org.apache.maven.model.validation.DefaultModelValidator.validateEffectiveDependency(Lorg/apache/maven/model/building/ModelProblemCollector;Lorg/apache/maven/model/Dependency
Event: 4.352 Thread 0x000001702174e800 Uncommon trap: reason=unstable_if action=reinterpret pc=0x0000017023dda0c0 method=org.eclipse.aether.artifact.DefaultArtifact.merge(Ljava/util/Map;Ljava/util/Map;)Ljava/util/Map; @ 1
Event: 4.581 Thread 0x000001702174e800 Uncommon trap: reason=unstable_if action=reinterpret pc=0x0000017023e28ad0 method=org.apache.maven.repository.internal.ArtifactDescriptorReaderDelegate.convert(Lorg/apache/maven/model/Dependency;Lorg/eclipse/aether/artifact/ArtifactTypeRegistry;)Lorg/ecli
Event: 4.581 Thread 0x000001702174e800 Uncommon trap: reason=unstable_if action=reinterpret pc=0x0000017023dea000 method=org.eclipse.aether.artifact.DefaultArtifact.merge(Ljava/util/Map;Ljava/util/Map;)Ljava/util/Map; @ 1
Event: 4.765 Thread 0x000001702174e800 Uncommon trap: reason=unstable_if action=reinterpret pc=0x0000017023e65d3c method=org.apache.maven.model.interpolation.StringVisitorModelInterpolator$ModelVisitor.visit(Lorg/apache/maven/model/Dependency;)V @ 42

Classes redefined (0 events):
No events

Internal exceptions (10 events):
Event: 0.643 Thread 0x000001702174e800 Exception <a 'java/security/PrivilegedActionException'> (0x00000000d6da5c48) thrown at [C:\wsjdk\Corretto8Src\installers\windows\zip\corretto-build\buildRoot\src\hotspot\src\share\vm\prims\jvm.cpp, line 1524]
Event: 2.307 Thread 0x000001702174e800 Exception <a 'java/lang/NoClassDefFoundError': com/google/inject/servlet/ServletModuleTargetVisitor> (0x00000000d7aa7838) thrown at [C:\wsjdk\Corretto8Src\installers\windows\zip\corretto-build\buildRoot\src\hotspot\src\share\vm\classfile\systemDictionary.
Event: 2.307 Thread 0x000001702174e800 Exception <a 'java/lang/NoClassDefFoundError'> (0x00000000d7aa7838) thrown at [C:\wsjdk\Corretto8Src\installers\windows\zip\corretto-build\buildRoot\src\hotspot\src\share\vm\prims\jvm.cpp, line 1528]
Event: 2.307 Thread 0x000001702174e800 Exception <a 'java/lang/NoClassDefFoundError': javax/annotation/Priority> (0x00000000d7aac888) thrown at [C:\wsjdk\Corretto8Src\installers\windows\zip\corretto-build\buildRoot\src\hotspot\src\share\vm\classfile\systemDictionary.cpp, line 206]
Event: 2.424 Thread 0x000001702174e800 Implicit null exception at 0x0000017023412315 to 0x00000170234124e9
Event: 2.549 Thread 0x000001702174e800 Implicit null exception at 0x00000170235fbbd6 to 0x00000170235fbf79
Event: 2.549 Thread 0x000001702174e800 Implicit null exception at 0x00000170235dc8d6 to 0x00000170235dcc65
Event: 2.689 Thread 0x000001702174e800 Implicit null exception at 0x00000170239d6587 to 0x00000170239d6a29
Event: 3.147 Thread 0x000001702174e800 Implicit null exception at 0x0000017023b25087 to 0x0000017023b25529
Event: 3.701 Thread 0x000001702174e800 Implicit null exception at 0x0000017023c96660 to 0x0000017023c96b9d

Events (10 events):
Event: 4.819 loading class org/eclipse/aether/repository/AuthenticationDigest
Event: 4.819 loading class org/eclipse/aether/repository/AuthenticationDigest done
Event: 4.820 loading class org/apache/maven/artifact/repository/metadata/io/xpp3/MetadataXpp3Reader
Event: 4.820 loading class org/apache/maven/artifact/repository/metadata/io/xpp3/MetadataXpp3Reader done
Event: 4.821 loading class org/apache/maven/artifact/repository/metadata/io/xpp3/MetadataXpp3Reader$ContentTransformer
Event: 4.821 loading class org/apache/maven/artifact/repository/metadata/io/xpp3/MetadataXpp3Reader$ContentTransformer done
Event: 4.822 loading class org/apache/maven/artifact/repository/metadata/io/xpp3/MetadataXpp3Reader$1
Event: 4.822 loading class org/apache/maven/artifact/repository/metadata/io/xpp3/MetadataXpp3Reader$1 done
Event: 4.823 loading class java/util/ComparableTimSort
Event: 4.824 loading class java/util/ComparableTimSort done


Dynamic libraries:
0x00007ff7f8330000 - 0x00007ff7f836a000 	C:\Users\∂≈Œ∞\.jdks\corretto-1.8.0_332\bin\java.exe
0x00007ffc5f550000 - 0x00007ffc5f748000 	C:\Windows\SYSTEM32\ntdll.dll
0x00007ffc5e820000 - 0x00007ffc5e8df000 	C:\Windows\System32\KERNEL32.DLL
0x00007ffc5ce60000 - 0x00007ffc5d132000 	C:\Windows\System32\KERNELBASE.dll
0x00007ffc5e0a0000 - 0x00007ffc5e14e000 	C:\Windows\System32\ADVAPI32.dll
0x00007ffc5e780000 - 0x00007ffc5e81e000 	C:\Windows\System32\msvcrt.dll
0x00007ffc5ea90000 - 0x00007ffc5eb2c000 	C:\Windows\System32\sechost.dll
0x00007ffc5df70000 - 0x00007ffc5e094000 	C:\Windows\System32\RPCRT4.dll
0x00007ffc5e5d0000 - 0x00007ffc5e771000 	C:\Windows\System32\USER32.dll
0x00007ffc5d430000 - 0x00007ffc5d452000 	C:\Windows\System32\win32u.dll
0x00007ffc5e8e0000 - 0x00007ffc5e90b000 	C:\Windows\System32\GDI32.dll
0x00007ffc5cc50000 - 0x00007ffc5cd5f000 	C:\Windows\System32\gdi32full.dll
0x00007ffc5d140000 - 0x00007ffc5d1dd000 	C:\Windows\System32\msvcp_win.dll
0x00007ffc5cd60000 - 0x00007ffc5ce60000 	C:\Windows\System32\ucrtbase.dll
0x00007ffc49fd0000 - 0x00007ffc4a26a000 	C:\Windows\WinSxS\amd64_microsoft.windows.common-controls_6595b64144ccf1df_6.0.19041.1110_none_60b5254171f9507e\COMCTL32.dll
0x00007ffc5f110000 - 0x00007ffc5f140000 	C:\Windows\System32\IMM32.DLL
0x00007ffc2bad0000 - 0x00007ffc2bbbf000 	C:\Users\∂≈Œ∞\.jdks\corretto-1.8.0_332\jre\bin\msvcr120.dll
0x00007ffc29290000 - 0x00007ffc29336000 	C:\Users\∂≈Œ∞\.jdks\corretto-1.8.0_332\jre\bin\msvcp120.dll
0x0000000072590000 - 0x0000000072e06000 	C:\Users\∂≈Œ∞\.jdks\corretto-1.8.0_332\jre\bin\server\jvm.dll
0x00007ffc5e5c0000 - 0x00007ffc5e5c8000 	C:\Windows\System32\PSAPI.DLL
0x00007ffc4a280000 - 0x00007ffc4a289000 	C:\Windows\SYSTEM32\WSOCK32.dll
0x00007ffc5f4a0000 - 0x00007ffc5f50b000 	C:\Windows\System32\WS2_32.dll
0x00007ffc44b00000 - 0x00007ffc44b27000 	C:\Windows\SYSTEM32\WINMM.dll
0x00007ffc52530000 - 0x00007ffc5253a000 	C:\Windows\SYSTEM32\VERSION.dll
0x00007ffc55490000 - 0x00007ffc5549f000 	C:\Users\∂≈Œ∞\.jdks\corretto-1.8.0_332\jre\bin\verify.dll
0x00007ffc53400000 - 0x00007ffc53429000 	C:\Users\∂≈Œ∞\.jdks\corretto-1.8.0_332\jre\bin\java.dll
0x00007ffc53010000 - 0x00007ffc5303a000 	C:\Users\∂≈Œ∞\.jdks\corretto-1.8.0_332\jre\bin\instrument.dll
0x00007ffc53240000 - 0x00007ffc53256000 	C:\Users\∂≈Œ∞\.jdks\corretto-1.8.0_332\jre\bin\zip.dll
0x00007ffc5d810000 - 0x00007ffc5df55000 	C:\Windows\System32\SHELL32.dll
0x00007ffc5a940000 - 0x00007ffc5b0d2000 	C:\Windows\SYSTEM32\windows.storage.dll
0x00007ffc5f140000 - 0x00007ffc5f495000 	C:\Windows\System32\combase.dll
0x00007ffc5c6b0000 - 0x00007ffc5c6e0000 	C:\Windows\SYSTEM32\Wldp.dll
0x00007ffc5ece0000 - 0x00007ffc5ed8d000 	C:\Windows\System32\SHCORE.dll
0x00007ffc5d7b0000 - 0x00007ffc5d805000 	C:\Windows\System32\shlwapi.dll
0x00007ffc5cb90000 - 0x00007ffc5cbaf000 	C:\Windows\SYSTEM32\profapi.dll
0x00007ffc52eb0000 - 0x00007ffc52eca000 	D:\soft\IntelliJ IDEA 2020.3.4\bin\breakgen64.dll
0x00007ffc53200000 - 0x00007ffc5321a000 	C:\Users\∂≈Œ∞\.jdks\corretto-1.8.0_332\jre\bin\net.dll
0x00007ffc5c410000 - 0x00007ffc5c47a000 	C:\Windows\system32\mswsock.dll
0x00007ffc5c610000 - 0x00007ffc5c628000 	C:\Windows\SYSTEM32\CRYPTSP.dll
0x00007ffc5bcc0000 - 0x00007ffc5bcf4000 	C:\Windows\system32\rsaenh.dll
0x00007ffc5d250000 - 0x00007ffc5d277000 	C:\Windows\System32\bcrypt.dll
0x00007ffc5cb10000 - 0x00007ffc5cb3e000 	C:\Windows\SYSTEM32\USERENV.dll
0x00007ffc5d510000 - 0x00007ffc5d592000 	C:\Windows\System32\bcryptprimitives.dll
0x00007ffc5c600000 - 0x00007ffc5c60c000 	C:\Windows\SYSTEM32\CRYPTBASE.dll
0x00007ffc5c0b0000 - 0x00007ffc5c0eb000 	C:\Windows\SYSTEM32\IPHLPAPI.DLL
0x00007ffc5eef0000 - 0x00007ffc5eef8000 	C:\Windows\System32\NSI.dll
0x00007ffc54380000 - 0x00007ffc54397000 	C:\Windows\SYSTEM32\dhcpcsvc6.DLL
0x00007ffc54360000 - 0x00007ffc5437d000 	C:\Windows\SYSTEM32\dhcpcsvc.DLL
0x00007ffc5c0f0000 - 0x00007ffc5c1bb000 	C:\Windows\SYSTEM32\DNSAPI.dll
0x00007ffc52ff0000 - 0x00007ffc53002000 	C:\Users\∂≈Œ∞\.jdks\corretto-1.8.0_332\jre\bin\nio.dll
0x00007ffc53480000 - 0x00007ffc5348a000 	C:\Users\∂≈Œ∞\AppData\Local\Temp\jansi-1.17.1-2798243334550345955.dll
0x00007ffc53440000 - 0x00007ffc5344a000 	C:\Users\∂≈Œ∞\AppData\Local\Temp\jansi-1.17.1-7390750199488592176.dll

VM Arguments:
jvm_args: -Dmaven.multiModuleProjectDirectory=D:\git≤÷ø‚\testgit1\reggier_take -Dmaven.home=D:\soft\IntelliJ IDEA 2020.3.4\plugins\maven\lib\maven3 -Dclassworlds.conf=D:\soft\IntelliJ IDEA 2020.3.4\plugins\maven\lib\maven3\bin\m2.conf -Dmaven.ext.class.path=D:\soft\IntelliJ IDEA 2020.3.4\plugins\maven\lib\maven-event-listener.jar -javaagent:D:\soft\IntelliJ IDEA 2020.3.4\lib\idea_rt.jar=60476:D:\soft\IntelliJ IDEA 2020.3.4\bin -Dfile.encoding=UTF-8 
java_command: org.codehaus.classworlds.Launcher -Didea.version=2020.3.4 install
java_class_path (initial): D:\soft\IntelliJ IDEA 2020.3.4\plugins\maven\lib\maven3\boot\plexus-classworlds-2.6.0.jar;D:\soft\IntelliJ IDEA 2020.3.4\plugins\maven\lib\maven3\boot\plexus-classworlds.license;D:\soft\IntelliJ IDEA 2020.3.4\lib\idea_rt.jar
Launcher Type: SUN_STANDARD

Environment Variables:
JAVA_HOME=C:\Program Files\Java\jdk-18
CLASSPATH=.;C:\Program Files\Java\jdk-18\bin;C:\Program Files\Java\jdk-18\lib\dt.jar;C:\Program Files\Java\jdk-18\lib\tools.jar;D:\environment\apache-tomcat-9.0.62\lib\servlet-api.jar
PATH=C:\Program Files\Common Files\Oracle\Java\javapath;C:\Windows\system32;C:\Windows;C:\Windows\System32\Wbem;C:\Windows\System32\WindowsPowerShell\v1.0\;C:\Windows\System32\OpenSSH\;C:\Program Files (x86)\NVIDIA Corporation\PhysX\Common;C:\Program Files\NVIDIA Corporation\NVIDIA NvDLISR;C:\Program Files\dotnet\;C:\Program Files\MySQL\MySQL Server 8.0\bin;C:\Program Files\Java\jdk-18\bin;D:\environment\apache-maven-3.6.2\bin;D:\environment\apache-tomcat-9.0.62\bin;D:\environment\nodejs\;D:\environment\Git\cmd;D:\soft\SVN\bin;C:\soft\xshell\;C:\soft\Xftp\;D:\sap;D:\sap\Library\mingw-w64\bin;D:\sap\Library\usr\bin;D:\sap\Library\bin;D:\sap\Scripts;D:\asc;D:\asc\Library\mingw-w64\bin;D:\asc\Library\usr\bin;D:\asc\Library\bin;D:\asc\Scripts;D:\py;D:\py\Library\mingw-w64\bin;D:\py\Library\usr\bin;D:\py\Library\bin;D:\py\Scripts;C:\Users\∂≈Œ∞\AppData\Local\Microsoft\WindowsApps;D:\pycharm\PyCharm Community Edition 2021.2.2\bin;;C:\Users\∂≈Œ∞\AppData\Roaming\npm
USERNAME=∂≈Œ∞
OS=Windows_NT
PROCESSOR_IDENTIFIER=Intel64 Family 6 Model 165 Stepping 2, GenuineIntel



---------------  S Y S T E M  ---------------

OS: Windows 10.0 , 64 bit Build 19041 (10.0.19041.2546)

CPU:total 8 (initial active 8) (4 cores per cpu, 2 threads per core) family 6 model 165 stepping 2, cmov, cx8, fxsr, mmx, sse, sse2, sse3, ssse3, sse4.1, sse4.2, popcnt, avx, avx2, aes, clmul, erms, 3dnowpref, lzcnt, ht, tsc, tscinvbit, bmi1, bmi2, adx

Memory: 4k page, physical 8158984k(404932k free), swap 24936200k(5724k free)

vm_info: OpenJDK 64-Bit Server VM (25.332-b08) for windows-amd64 JRE (1.8.0_332-b08), built on Apr 16 2022 08:31:02 by "Administrator" with MS VC++ 12.0 (VS2013)

time: Sat Apr 08 13:10:16 2023
timezone: ?D1®≤°¿®∫°¡?®∫°¿??
elapsed time: 4.916971 seconds (0d 0h 0m 4s)

