#
# There is insufficient memory for the Java Runtime Environment to continue.
# Native memory allocation (malloc) failed to allocate 32744 bytes for ChunkPool::allocate
# Possible reasons:
#   The system is out of physical RAM or swap space
#   The process is running with CompressedOops enabled, and the Java Heap may be blocking the growth of the native heap
# Possible solutions:
#   Reduce memory load on the system
#   Increase physical memory or swap space
#   Check if swap backing store is full
#   Decrease Java heap size (-Xmx/-Xms)
#   Decrease number of Java threads
#   Decrease Java thread stack sizes (-Xss)
#   Set larger code cache with -XX:ReservedCodeCacheSize=
#   JVM is running with Unscaled Compressed Oops mode in which the Java heap is
#     placed in the first 4GB address space. The Java Heap base address is the
#     maximum limit for the native heap growth. Please use -XX:HeapBaseMinAddress
#     to set the Java Heap base and to place the Java Heap above 4GB virtual address.
# This output file may be truncated or incomplete.
#
#  Out of Memory Error (allocation.cpp:272), pid=8124, tid=0x00000000000011b4
#
# JRE version: OpenJDK Runtime Environment (8.0_332-b08) (build 1.8.0_332-b08)
# Java VM: OpenJDK 64-Bit Server VM (25.332-b08 mixed mode windows-amd64 compressed oops)
# Failed to write core dump. Minidumps are not enabled by default on client versions of Windows
#

---------------  T H R E A D  ---------------

Current thread (0x00000295f1ba8800):  JavaThread "C2 CompilerThread1" daemon [_thread_in_native, id=4532, stack(0x000000b6e7000000,0x000000b6e7100000)]

Stack: [0x000000b6e7000000,0x000000b6e7100000]
[error occurred during error reporting (printing stack bounds), id 0xc0000005]

Native frames: (J=compiled Java code, j=interpreted, Vv=VM code, C=native code)


Current CompileTask:
C2:   6382 4655       4       lombok.javac.JavacAST::buildStatementOrExpression (104 bytes)


---------------  P R O C E S S  ---------------

Java Threads: ( => current thread )
  0x00000295f1c0d000 JavaThread "Service Thread" daemon [_thread_blocked, id=23088, stack(0x000000b6e7300000,0x000000b6e7400000)]
  0x00000295f1bb1800 JavaThread "C1 CompilerThread3" daemon [_thread_blocked, id=20000, stack(0x000000b6e7200000,0x000000b6e7300000)]
  0x00000295f1ba9800 JavaThread "C2 CompilerThread2" daemon [_thread_in_native, id=25852, stack(0x000000b6e7100000,0x000000b6e7200000)]
=>0x00000295f1ba8800 JavaThread "C2 CompilerThread1" daemon [_thread_in_native, id=4532, stack(0x000000b6e7000000,0x000000b6e7100000)]
  0x00000295f1ba6800 JavaThread "C2 CompilerThread0" daemon [_thread_in_native, id=17856, stack(0x000000b6e6f00000,0x000000b6e7000000)]
  0x00000295f1ba3000 JavaThread "Monitor Ctrl-Break" daemon [_thread_in_native, id=11364, stack(0x000000b6e6e00000,0x000000b6e6f00000)]
  0x00000295efe86800 JavaThread "Attach Listener" daemon [_thread_blocked, id=9872, stack(0x000000b6e6d00000,0x000000b6e6e00000)]
  0x00000295efe83000 JavaThread "Signal Dispatcher" daemon [_thread_blocked, id=16172, stack(0x000000b6e6c00000,0x000000b6e6d00000)]
  0x00000295efe01000 JavaThread "Finalizer" daemon [_thread_blocked, id=21336, stack(0x000000b6e6b00000,0x000000b6e6c00000)]
  0x00000295efdf9800 JavaThread "Reference Handler" daemon [_thread_blocked, id=18720, stack(0x000000b6e6a00000,0x000000b6e6b00000)]
  0x00000295d9a4f800 JavaThread "main" [_thread_in_Java, id=2592, stack(0x000000b6e6000000,0x000000b6e6100000)]

Other Threads:
  0x00000295efdca000 VMThread [stack: 0x000000b6e6900000,0x000000b6e6a00000] [id=5720]
  0x00000295f1c55800 WatcherThread [stack: 0x000000b6e7400000,0x000000b6e7500000] [id=19840]

VM state:not at safepoint (normal execution)

VM Mutex/Monitor currently owned by a thread: None

heap address: 0x0000000083800000, size: 1992 MB, Compressed Oops mode: 32-bit
Narrow klass base: 0x0000000000000000, Narrow klass shift: 3
Compressed class space size: 1073741824 Address: 0x0000000100000000

Heap:
 PSYoungGen      total 70656K, used 46558K [0x00000000d6800000, 0x00000000db200000, 0x0000000100000000)
  eden space 65536K, 63% used [0x00000000d6800000,0x00000000d907d850,0x00000000da800000)
  from space 5120K, 99% used [0x00000000da800000,0x00000000dacfa0a0,0x00000000dad00000)
  to   space 5120K, 0% used [0x00000000dad00000,0x00000000dad00000,0x00000000db200000)
 ParOldGen       total 75776K, used 32553K [0x0000000083800000, 0x0000000088200000, 0x00000000d6800000)
  object space 75776K, 42% used [0x0000000083800000,0x00000000857ca5e0,0x0000000088200000)
 Metaspace       used 25761K, capacity 26472K, committed 26752K, reserved 1073152K
  class space    used 2928K, capacity 3078K, committed 3200K, reserved 1048576K

Card table byte_map: [0x00000295eaae0000,0x00000295eaed0000] byte_map_base: 0x00000295ea6c4000

Marking Bits: (ParMarkBitMap*) 0x0000000072d87850
 Begin Bits: [0x00000295eb170000, 0x00000295ed090000)
 End Bits:   [0x00000295ed090000, 0x00000295eefb0000)

Polling page: 0x00000295d99e0000

CodeCache: size=245760Kb used=16159Kb max_used=16159Kb free=229600Kb
 bounds [0x00000295db720000, 0x00000295dc700000, 0x00000295ea720000]
 total_blobs=4872 nmethods=4444 adapters=340
 compilation: enabled

Compilation events (10 events):
Event: 6.308 Thread 0x00000295f1bb1800 4929       2       com.sun.tools.javac.code.Symbol$TypeVariableSymbol::<init> (12 bytes)
Event: 6.309 Thread 0x00000295f1bb1800 nmethod 4929 0x00000295dc6f9750 code [0x00000295dc6f98c0, 0x00000295dc6f9a50]
Event: 6.319 Thread 0x00000295f1bb1800 4930       2       javax.tools.ForwardingJavaFileManager::list (15 bytes)
Event: 6.319 Thread 0x00000295f1bb1800 nmethod 4930 0x00000295dc6f9b10 code [0x00000295dc6f9c80, 0x00000295dc6f9e10]
Event: 6.341 Thread 0x00000295f1bb1800 4931       2       com.sun.tools.javac.jvm.ClassReader::sigToTypeParams (111 bytes)
Event: 6.341 Thread 0x00000295f1bb1800 nmethod 4931 0x00000295dc6f9ed0 code [0x00000295dc6fa080, 0x00000295dc6fa490]
Event: 6.354 Thread 0x00000295f1bb1800 4933       2       com.sun.tools.javac.comp.Attr::visitTypeIdent (30 bytes)
Event: 6.354 Thread 0x00000295f1bb1800 nmethod 4933 0x00000295dc6fa7d0 code [0x00000295dc6fa940, 0x00000295dc6fab30]
Event: 6.357 Thread 0x00000295f1bb1800 4934       2       com.sun.tools.javac.tree.JCTree$JCClassDecl::accept (6 bytes)
Event: 6.357 Thread 0x00000295f1bb1800 nmethod 4934 0x00000295dc6fac90 code [0x00000295dc6fae00, 0x00000295dc6faf90]

GC Heap History (10 events):
Event: 3.744 GC heap before
{Heap before GC invocations=6 (full 0):
 PSYoungGen      total 70656K, used 62028K [0x00000000d6800000, 0x00000000db200000, 0x0000000100000000)
  eden space 65536K, 86% used [0x00000000d6800000,0x00000000d9f95180,0x00000000da800000)
  from space 5120K, 99% used [0x00000000da800000,0x00000000dacfe050,0x00000000dad00000)
  to   space 5120K, 0% used [0x00000000dad00000,0x00000000dad00000,0x00000000db200000)
 ParOldGen       total 86016K, used 14610K [0x0000000083800000, 0x0000000088c00000, 0x00000000d6800000)
  object space 86016K, 16% used [0x0000000083800000,0x0000000084644b38,0x0000000088c00000)
 Metaspace       used 18050K, capacity 18452K, committed 18560K, reserved 1064960K
  class space    used 2053K, capacity 2155K, committed 2176K, reserved 1048576K
Event: 3.758 GC heap after
Heap after GC invocations=6 (full 0):
 PSYoungGen      total 70656K, used 5112K [0x00000000d6800000, 0x00000000db200000, 0x0000000100000000)
  eden space 65536K, 0% used [0x00000000d6800000,0x00000000d6800000,0x00000000da800000)
  from space 5120K, 99% used [0x00000000dad00000,0x00000000db1fe010,0x00000000db200000)
  to   space 5120K, 0% used [0x00000000da800000,0x00000000da800000,0x00000000dad00000)
 ParOldGen       total 86016K, used 25997K [0x0000000083800000, 0x0000000088c00000, 0x00000000d6800000)
  object space 86016K, 30% used [0x0000000083800000,0x0000000085163780,0x0000000088c00000)
 Metaspace       used 18050K, capacity 18452K, committed 18560K, reserved 1064960K
  class space    used 2053K, capacity 2155K, committed 2176K, reserved 1048576K
}
Event: 4.045 GC heap before
{Heap before GC invocations=7 (full 0):
 PSYoungGen      total 70656K, used 64212K [0x00000000d6800000, 0x00000000db200000, 0x0000000100000000)
  eden space 65536K, 90% used [0x00000000d6800000,0x00000000da1b71d8,0x00000000da800000)
  from space 5120K, 99% used [0x00000000dad00000,0x00000000db1fe010,0x00000000db200000)
  to   space 5120K, 0% used [0x00000000da800000,0x00000000da800000,0x00000000dad00000)
 ParOldGen       total 86016K, used 25997K [0x0000000083800000, 0x0000000088c00000, 0x00000000d6800000)
  object space 86016K, 30% used [0x0000000083800000,0x0000000085163780,0x0000000088c00000)
 Metaspace       used 20521K, capacity 21108K, committed 21248K, reserved 1069056K
  class space    used 2358K, capacity 2491K, committed 2560K, reserved 1048576K
Event: 4.061 GC heap after
Heap after GC invocations=7 (full 0):
 PSYoungGen      total 70656K, used 5088K [0x00000000d6800000, 0x00000000db200000, 0x0000000100000000)
  eden space 65536K, 0% used [0x00000000d6800000,0x00000000d6800000,0x00000000da800000)
  from space 5120K, 99% used [0x00000000da800000,0x00000000dacf8040,0x00000000dad00000)
  to   space 5120K, 0% used [0x00000000dad00000,0x00000000dad00000,0x00000000db200000)
 ParOldGen       total 86016K, used 39417K [0x0000000083800000, 0x0000000088c00000, 0x00000000d6800000)
  object space 86016K, 45% used [0x0000000083800000,0x0000000085e7e418,0x0000000088c00000)
 Metaspace       used 20521K, capacity 21108K, committed 21248K, reserved 1069056K
  class space    used 2358K, capacity 2491K, committed 2560K, reserved 1048576K
}
Event: 4.061 GC heap before
{Heap before GC invocations=8 (full 1):
 PSYoungGen      total 70656K, used 5088K [0x00000000d6800000, 0x00000000db200000, 0x0000000100000000)
  eden space 65536K, 0% used [0x00000000d6800000,0x00000000d6800000,0x00000000da800000)
  from space 5120K, 99% used [0x00000000da800000,0x00000000dacf8040,0x00000000dad00000)
  to   space 5120K, 0% used [0x00000000dad00000,0x00000000dad00000,0x00000000db200000)
 ParOldGen       total 86016K, used 39417K [0x0000000083800000, 0x0000000088c00000, 0x00000000d6800000)
  object space 86016K, 45% used [0x0000000083800000,0x0000000085e7e418,0x0000000088c00000)
 Metaspace       used 20521K, capacity 21108K, committed 21248K, reserved 1069056K
  class space    used 2358K, capacity 2491K, committed 2560K, reserved 1048576K
Event: 4.109 GC heap after
Heap after GC invocations=8 (full 1):
 PSYoungGen      total 70656K, used 0K [0x00000000d6800000, 0x00000000db200000, 0x0000000100000000)
  eden space 65536K, 0% used [0x00000000d6800000,0x00000000d6800000,0x00000000da800000)
  from space 5120K, 0% used [0x00000000da800000,0x00000000da800000,0x00000000dad00000)
  to   space 5120K, 0% used [0x00000000dad00000,0x00000000dad00000,0x00000000db200000)
 ParOldGen       total 75776K, used 18228K [0x0000000083800000, 0x0000000088200000, 0x00000000d6800000)
  object space 75776K, 24% used [0x0000000083800000,0x00000000849cd358,0x0000000088200000)
 Metaspace       used 20521K, capacity 21108K, committed 21248K, reserved 1069056K
  class space    used 2358K, capacity 2491K, committed 2560K, reserved 1048576K
}
Event: 4.857 GC heap before
{Heap before GC invocations=9 (full 1):
 PSYoungGen      total 70656K, used 65536K [0x00000000d6800000, 0x00000000db200000, 0x0000000100000000)
  eden space 65536K, 100% used [0x00000000d6800000,0x00000000da800000,0x00000000da800000)
  from space 5120K, 0% used [0x00000000da800000,0x00000000da800000,0x00000000dad00000)
  to   space 5120K, 0% used [0x00000000dad00000,0x00000000dad00000,0x00000000db200000)
 ParOldGen       total 75776K, used 18228K [0x0000000083800000, 0x0000000088200000, 0x00000000d6800000)
  object space 75776K, 24% used [0x0000000083800000,0x00000000849cd358,0x0000000088200000)
 Metaspace       used 23359K, capacity 23988K, committed 24064K, reserved 1071104K
  class space    used 2661K, capacity 2811K, committed 2816K, reserved 1048576K
Event: 4.868 GC heap after
Heap after GC invocations=9 (full 1):
 PSYoungGen      total 70656K, used 5115K [0x00000000d6800000, 0x00000000db200000, 0x0000000100000000)
  eden space 65536K, 0% used [0x00000000d6800000,0x00000000d6800000,0x00000000da800000)
  from space 5120K, 99% used [0x00000000dad00000,0x00000000db1feea0,0x00000000db200000)
  to   space 5120K, 0% used [0x00000000da800000,0x00000000da800000,0x00000000dad00000)
 ParOldGen       total 75776K, used 28717K [0x0000000083800000, 0x0000000088200000, 0x00000000d6800000)
  object space 75776K, 37% used [0x0000000083800000,0x000000008540b438,0x0000000088200000)
 Metaspace       used 23359K, capacity 23988K, committed 24064K, reserved 1071104K
  class space    used 2661K, capacity 2811K, committed 2816K, reserved 1048576K
}
Event: 5.914 GC heap before
{Heap before GC invocations=10 (full 1):
 PSYoungGen      total 70656K, used 70651K [0x00000000d6800000, 0x00000000db200000, 0x0000000100000000)
  eden space 65536K, 100% used [0x00000000d6800000,0x00000000da800000,0x00000000da800000)
  from space 5120K, 99% used [0x00000000dad00000,0x00000000db1feea0,0x00000000db200000)
  to   space 5120K, 0% used [0x00000000da800000,0x00000000da800000,0x00000000dad00000)
 ParOldGen       total 75776K, used 28717K [0x0000000083800000, 0x0000000088200000, 0x00000000d6800000)
  object space 75776K, 37% used [0x0000000083800000,0x000000008540b438,0x0000000088200000)
 Metaspace       used 25497K, capacity 26146K, committed 26368K, reserved 1073152K
  class space    used 2905K, capacity 3054K, committed 3072K, reserved 1048576K
Event: 5.924 GC heap after
Heap after GC invocations=10 (full 1):
 PSYoungGen      total 70656K, used 5096K [0x00000000d6800000, 0x00000000db200000, 0x0000000100000000)
  eden space 65536K, 0% used [0x00000000d6800000,0x00000000d6800000,0x00000000da800000)
  from space 5120K, 99% used [0x00000000da800000,0x00000000dacfa0a0,0x00000000dad00000)
  to   space 5120K, 0% used [0x00000000dad00000,0x00000000dad00000,0x00000000db200000)
 ParOldGen       total 75776K, used 32553K [0x0000000083800000, 0x0000000088200000, 0x00000000d6800000)
  object space 75776K, 42% used [0x0000000083800000,0x00000000857ca5e0,0x0000000088200000)
 Metaspace       used 25497K, capacity 26146K, committed 26368K, reserved 1073152K
  class space    used 2905K, capacity 3054K, committed 3072K, reserved 1048576K
}

Deoptimization events (10 events):
Event: 5.909 Thread 0x00000295d9a4f800 Uncommon trap: reason=class_check action=maybe_recompile pc=0x00000295dbf32c90 method=java.util.regex.Pattern$Branch.match(Ljava/util/regex/Matcher;ILjava/lang/CharSequence;)Z @ 50
Event: 5.909 Thread 0x00000295d9a4f800 Uncommon trap: reason=class_check action=maybe_recompile pc=0x00000295dbf32c90 method=java.util.regex.Pattern$Branch.match(Ljava/util/regex/Matcher;ILjava/lang/CharSequence;)Z @ 50
Event: 5.937 Thread 0x00000295d9a4f800 Uncommon trap: reason=unstable_if action=reinterpret pc=0x00000295dc660e1c method=com.sun.tools.javac.code.Scope.lookup(Lcom/sun/tools/javac/util/Name;Lcom/sun/tools/javac/util/Filter;)Lcom/sun/tools/javac/code/Scope$Entry; @ 19
Event: 5.966 Thread 0x00000295d9a4f800 Uncommon trap: reason=bimorphic action=maybe_recompile pc=0x00000295dbb6c044 method=java.util.regex.Pattern$5.isSatisfiedBy(I)Z @ 16
Event: 5.966 Thread 0x00000295d9a4f800 Uncommon trap: reason=bimorphic action=maybe_recompile pc=0x00000295dbb6c044 method=java.util.regex.Pattern$5.isSatisfiedBy(I)Z @ 16
Event: 6.043 Thread 0x00000295d9a4f800 Uncommon trap: reason=unstable_if action=reinterpret pc=0x00000295dc67f054 method=com.sun.tools.javac.code.Symbol$TypeSymbol.formFullName(Lcom/sun/tools/javac/util/Name;Lcom/sun/tools/javac/code/Symbol;)Lcom/sun/tools/javac/util/Name; @ 1
Event: 6.049 Thread 0x00000295d9a4f800 Uncommon trap: reason=speculate_class_check action=maybe_recompile pc=0x00000295dc67e654 method=com.sun.tools.javac.file.JavacFileManager.inferBinaryName(Ljavax/tools/JavaFileManager$Location;Ljavax/tools/JavaFileObject;)Ljava/lang/String; @ 23
Event: 6.049 Thread 0x00000295d9a4f800 Uncommon trap: reason=speculate_class_check action=maybe_recompile pc=0x00000295dc67e654 method=com.sun.tools.javac.file.JavacFileManager.inferBinaryName(Ljavax/tools/JavaFileManager$Location;Ljavax/tools/JavaFileObject;)Ljava/lang/String; @ 23
Event: 6.049 Thread 0x00000295d9a4f800 Uncommon trap: reason=speculate_class_check action=maybe_recompile pc=0x00000295dc67e654 method=com.sun.tools.javac.file.JavacFileManager.inferBinaryName(Ljavax/tools/JavaFileManager$Location;Ljavax/tools/JavaFileObject;)Ljava/lang/String; @ 23
Event: 6.049 Thread 0x00000295d9a4f800 Uncommon trap: reason=speculate_class_check action=maybe_recompile pc=0x00000295dc67e654 method=com.sun.tools.javac.file.JavacFileManager.inferBinaryName(Ljavax/tools/JavaFileManager$Location;Ljavax/tools/JavaFileObject;)Ljava/lang/String; @ 23

Classes redefined (0 events):
No events

Internal exceptions (10 events):
Event: 2.088 Thread 0x00000295d9a4f800 Implicit null exception at 0x00000295dbebb977 to 0x00000295dbebbbc1
Event: 2.485 Thread 0x00000295d9a4f800 Implicit null exception at 0x00000295dc014ba0 to 0x00000295dc0150dd
Event: 3.108 Thread 0x00000295d9a4f800 Implicit null exception at 0x00000295db9da695 to 0x00000295db9da891
Event: 3.694 Thread 0x00000295d9a4f800 Implicit null exception at 0x00000295dc0f9201 to 0x00000295dc0f9631
Event: 3.896 Thread 0x00000295d9a4f800 Exception <a 'java/lang/ClassNotFoundException': com/sun/tools/javac/api/JavacTool> (0x00000000d98524d8) thrown at [C:\wsjdk\Corretto8Src\installers\windows\zip\corretto-build\buildRoot\src\hotspot\src\share\vm\classfile\systemDictionary.cpp, line 217]
Event: 4.409 Thread 0x00000295d9a4f800 Exception <a 'java/io/FileNotFoundException'> (0x00000000d7b83100) thrown at [C:\wsjdk\Corretto8Src\installers\windows\zip\corretto-build\buildRoot\src\hotspot\src\share\vm\prims\jni.cpp, line 711]
Event: 4.412 Thread 0x00000295d9a4f800 Exception <a 'java/io/FileNotFoundException'> (0x00000000d7be0980) thrown at [C:\wsjdk\Corretto8Src\installers\windows\zip\corretto-build\buildRoot\src\hotspot\src\share\vm\prims\jni.cpp, line 711]
Event: 5.578 Thread 0x00000295d9a4f800 Implicit null exception at 0x00000295dbe5eaf1 to 0x00000295dbe5ef09
Event: 5.580 Thread 0x00000295d9a4f800 Implicit null exception at 0x00000295dbe47ed5 to 0x00000295dbe480ed
Event: 6.043 Thread 0x00000295d9a4f800 Implicit null exception at 0x00000295dc67ef50 to 0x00000295dc67f041

Events (10 events):
Event: 6.049 Thread 0x00000295d9a4f800 DEOPT UNPACKING pc=0x00000295db765583 sp=0x000000b6e60fd080 mode 2
Event: 6.049 Thread 0x00000295d9a4f800 Uncommon trap: trap_request=0xffffff76 fr.pc=0x00000295dc67e654
Event: 6.049 Thread 0x00000295d9a4f800 DEOPT PACKING pc=0x00000295dc67e654 sp=0x000000b6e60fd030
Event: 6.049 Thread 0x00000295d9a4f800 DEOPT UNPACKING pc=0x00000295db765583 sp=0x000000b6e60fcfe0 mode 2
Event: 6.049 Thread 0x00000295d9a4f800 Uncommon trap: trap_request=0xffffff76 fr.pc=0x00000295dc67e654
Event: 6.049 Thread 0x00000295d9a4f800 DEOPT PACKING pc=0x00000295dc67e654 sp=0x000000b6e60fd0d0
Event: 6.049 Thread 0x00000295d9a4f800 DEOPT UNPACKING pc=0x00000295db765583 sp=0x000000b6e60fd080 mode 2
Event: 6.049 Thread 0x00000295d9a4f800 Uncommon trap: trap_request=0xffffff76 fr.pc=0x00000295dc67e654
Event: 6.049 Thread 0x00000295d9a4f800 DEOPT PACKING pc=0x00000295dc67e654 sp=0x000000b6e60fd030
Event: 6.049 Thread 0x00000295d9a4f800 DEOPT UNPACKING pc=0x00000295db765583 sp=0x000000b6e60fcfe0 mode 2


Dynamic libraries:
0x00007ff7f8330000 - 0x00007ff7f836a000 	C:\Users\∂≈Œ∞\.jdks\corretto-1.8.0_332\bin\java.exe
0x00007ffc5f550000 - 0x00007ffc5f748000 	C:\Windows\SYSTEM32\ntdll.dll
0x00007ffc5e820000 - 0x00007ffc5e8df000 	C:\Windows\System32\KERNEL32.DLL
0x00007ffc5ce60000 - 0x00007ffc5d132000 	C:\Windows\System32\KERNELBASE.dll
0x00007ffc5e0a0000 - 0x00007ffc5e14e000 	C:\Windows\System32\ADVAPI32.dll
0x00007ffc5e780000 - 0x00007ffc5e81e000 	C:\Windows\System32\msvcrt.dll
0x00007ffc5ea90000 - 0x00007ffc5eb2c000 	C:\Windows\System32\sechost.dll
0x00007ffc5df70000 - 0x00007ffc5e094000 	C:\Windows\System32\RPCRT4.dll
0x00007ffc5e5d0000 - 0x00007ffc5e771000 	C:\Windows\System32\USER32.dll
0x00007ffc5d430000 - 0x00007ffc5d452000 	C:\Windows\System32\win32u.dll
0x00007ffc5e8e0000 - 0x00007ffc5e90b000 	C:\Windows\System32\GDI32.dll
0x00007ffc5cc50000 - 0x00007ffc5cd5f000 	C:\Windows\System32\gdi32full.dll
0x00007ffc5d140000 - 0x00007ffc5d1dd000 	C:\Windows\System32\msvcp_win.dll
0x00007ffc5cd60000 - 0x00007ffc5ce60000 	C:\Windows\System32\ucrtbase.dll
0x00007ffc49fd0000 - 0x00007ffc4a26a000 	C:\Windows\WinSxS\amd64_microsoft.windows.common-controls_6595b64144ccf1df_6.0.19041.1110_none_60b5254171f9507e\COMCTL32.dll
0x00007ffc5f110000 - 0x00007ffc5f140000 	C:\Windows\System32\IMM32.DLL
0x00007ffc2bad0000 - 0x00007ffc2bbbf000 	C:\Users\∂≈Œ∞\.jdks\corretto-1.8.0_332\jre\bin\msvcr120.dll
0x00007ffc29290000 - 0x00007ffc29336000 	C:\Users\∂≈Œ∞\.jdks\corretto-1.8.0_332\jre\bin\msvcp120.dll
0x0000000072590000 - 0x0000000072e06000 	C:\Users\∂≈Œ∞\.jdks\corretto-1.8.0_332\jre\bin\server\jvm.dll
0x00007ffc5e5c0000 - 0x00007ffc5e5c8000 	C:\Windows\System32\PSAPI.DLL
0x00007ffc52530000 - 0x00007ffc5253a000 	C:\Windows\SYSTEM32\VERSION.dll
0x00007ffc4a280000 - 0x00007ffc4a289000 	C:\Windows\SYSTEM32\WSOCK32.dll
0x00007ffc44b00000 - 0x00007ffc44b27000 	C:\Windows\SYSTEM32\WINMM.dll
0x00007ffc5f4a0000 - 0x00007ffc5f50b000 	C:\Windows\System32\WS2_32.dll
0x00007ffc55490000 - 0x00007ffc5549f000 	C:\Users\∂≈Œ∞\.jdks\corretto-1.8.0_332\jre\bin\verify.dll
0x00007ffc53400000 - 0x00007ffc53429000 	C:\Users\∂≈Œ∞\.jdks\corretto-1.8.0_332\jre\bin\java.dll
0x00007ffc53010000 - 0x00007ffc5303a000 	C:\Users\∂≈Œ∞\.jdks\corretto-1.8.0_332\jre\bin\instrument.dll
0x00007ffc53240000 - 0x00007ffc53256000 	C:\Users\∂≈Œ∞\.jdks\corretto-1.8.0_332\jre\bin\zip.dll
0x00007ffc5d810000 - 0x00007ffc5df55000 	C:\Windows\System32\SHELL32.dll
0x00007ffc5a940000 - 0x00007ffc5b0d2000 	C:\Windows\SYSTEM32\windows.storage.dll
0x00007ffc5f140000 - 0x00007ffc5f495000 	C:\Windows\System32\combase.dll
0x00007ffc5c6b0000 - 0x00007ffc5c6e0000 	C:\Windows\SYSTEM32\Wldp.dll
0x00007ffc5ece0000 - 0x00007ffc5ed8d000 	C:\Windows\System32\SHCORE.dll
0x00007ffc5d7b0000 - 0x00007ffc5d805000 	C:\Windows\System32\shlwapi.dll
0x00007ffc5cb90000 - 0x00007ffc5cbaf000 	C:\Windows\SYSTEM32\profapi.dll
0x00007ffc52eb0000 - 0x00007ffc52eca000 	D:\soft\IntelliJ IDEA 2020.3.4\bin\breakgen64.dll
0x00007ffc53200000 - 0x00007ffc5321a000 	C:\Users\∂≈Œ∞\.jdks\corretto-1.8.0_332\jre\bin\net.dll
0x00007ffc5c410000 - 0x00007ffc5c47a000 	C:\Windows\system32\mswsock.dll
0x00007ffc5c610000 - 0x00007ffc5c628000 	C:\Windows\SYSTEM32\CRYPTSP.dll
0x00007ffc5bcc0000 - 0x00007ffc5bcf4000 	C:\Windows\system32\rsaenh.dll
0x00007ffc5d250000 - 0x00007ffc5d277000 	C:\Windows\System32\bcrypt.dll
0x00007ffc5cb10000 - 0x00007ffc5cb3e000 	C:\Windows\SYSTEM32\USERENV.dll
0x00007ffc5d510000 - 0x00007ffc5d592000 	C:\Windows\System32\bcryptprimitives.dll
0x00007ffc5c600000 - 0x00007ffc5c60c000 	C:\Windows\SYSTEM32\CRYPTBASE.dll
0x00007ffc5c0b0000 - 0x00007ffc5c0eb000 	C:\Windows\SYSTEM32\IPHLPAPI.DLL
0x00007ffc5eef0000 - 0x00007ffc5eef8000 	C:\Windows\System32\NSI.dll
0x00007ffc54380000 - 0x00007ffc54397000 	C:\Windows\SYSTEM32\dhcpcsvc6.DLL
0x00007ffc54360000 - 0x00007ffc5437d000 	C:\Windows\SYSTEM32\dhcpcsvc.DLL
0x00007ffc5c0f0000 - 0x00007ffc5c1bb000 	C:\Windows\SYSTEM32\DNSAPI.dll
0x00007ffc52ff0000 - 0x00007ffc53002000 	C:\Users\∂≈Œ∞\.jdks\corretto-1.8.0_332\jre\bin\nio.dll
0x00007ffc53480000 - 0x00007ffc5348a000 	C:\Users\∂≈Œ∞\AppData\Local\Temp\jansi-1.17.1-6295114166437621015.dll
0x00007ffc53440000 - 0x00007ffc5344a000 	C:\Users\∂≈Œ∞\AppData\Local\Temp\jansi-1.17.1-2582787744751505314.dll

VM Arguments:
jvm_args: -Dmaven.multiModuleProjectDirectory=D:\git≤÷ø‚\testgit1\reggier_take -Dmaven.home=D:\soft\IntelliJ IDEA 2020.3.4\plugins\maven\lib\maven3 -Dclassworlds.conf=D:\soft\IntelliJ IDEA 2020.3.4\plugins\maven\lib\maven3\bin\m2.conf -Dmaven.ext.class.path=D:\soft\IntelliJ IDEA 2020.3.4\plugins\maven\lib\maven-event-listener.jar -javaagent:D:\soft\IntelliJ IDEA 2020.3.4\lib\idea_rt.jar=64392:D:\soft\IntelliJ IDEA 2020.3.4\bin -Dfile.encoding=UTF-8 
java_command: org.codehaus.classworlds.Launcher -Didea.version=2020.3.4 package
java_class_path (initial): D:\soft\IntelliJ IDEA 2020.3.4\plugins\maven\lib\maven3\boot\plexus-classworlds-2.6.0.jar;D:\soft\IntelliJ IDEA 2020.3.4\plugins\maven\lib\maven3\boot\plexus-classworlds.license;D:\soft\IntelliJ IDEA 2020.3.4\lib\idea_rt.jar
Launcher Type: SUN_STANDARD

Environment Variables:
JAVA_HOME=C:\Program Files\Java\jdk-18
CLASSPATH=.;C:\Program Files\Java\jdk-18\bin;C:\Program Files\Java\jdk-18\lib\dt.jar;C:\Program Files\Java\jdk-18\lib\tools.jar;D:\environment\apache-tomcat-9.0.62\lib\servlet-api.jar
PATH=C:\Program Files\Common Files\Oracle\Java\javapath;C:\Windows\system32;C:\Windows;C:\Windows\System32\Wbem;C:\Windows\System32\WindowsPowerShell\v1.0\;C:\Windows\System32\OpenSSH\;C:\Program Files (x86)\NVIDIA Corporation\PhysX\Common;C:\Program Files\NVIDIA Corporation\NVIDIA NvDLISR;C:\Program Files\dotnet\;C:\Program Files\MySQL\MySQL Server 8.0\bin;C:\Program Files\Java\jdk-18\bin;D:\environment\apache-maven-3.6.2\bin;D:\environment\apache-tomcat-9.0.62\bin;D:\environment\nodejs\;D:\environment\Git\cmd;D:\soft\SVN\bin;C:\soft\xshell\;C:\soft\Xftp\;D:\sap;D:\sap\Library\mingw-w64\bin;D:\sap\Library\usr\bin;D:\sap\Library\bin;D:\sap\Scripts;D:\asc;D:\asc\Library\mingw-w64\bin;D:\asc\Library\usr\bin;D:\asc\Library\bin;D:\asc\Scripts;D:\py;D:\py\Library\mingw-w64\bin;D:\py\Library\usr\bin;D:\py\Library\bin;D:\py\Scripts;C:\Users\∂≈Œ∞\AppData\Local\Microsoft\WindowsApps;D:\pycharm\PyCharm Community Edition 2021.2.2\bin;;C:\Users\∂≈Œ∞\AppData\Roaming\npm
USERNAME=∂≈Œ∞
OS=Windows_NT
PROCESSOR_IDENTIFIER=Intel64 Family 6 Model 165 Stepping 2, GenuineIntel



---------------  S Y S T E M  ---------------

OS: Windows 10.0 , 64 bit Build 19041 (10.0.19041.2546)

CPU:total 8 (initial active 8) (4 cores per cpu, 2 threads per core) family 6 model 165 stepping 2, cmov, cx8, fxsr, mmx, sse, sse2, sse3, ssse3, sse4.1, sse4.2, popcnt, avx, avx2, aes, clmul, erms, 3dnowpref, lzcnt, ht, tsc, tscinvbit, bmi1, bmi2, adx

Memory: 4k page, physical 8158984k(365100k free), swap 24936200k(7640k free)

vm_info: OpenJDK 64-Bit Server VM (25.332-b08) for windows-amd64 JRE (1.8.0_332-b08), built on Apr 16 2022 08:31:02 by "Administrator" with MS VC++ 12.0 (VS2013)

time: Sat Apr 08 13:11:15 2023
timezone: ?D1®≤°¿®∫°¡?®∫°¿??
elapsed time: 6.387008 seconds (0d 0h 0m 6s)

