#
# There is insufficient memory for the Java Runtime Environment to continue.
# Native memory allocation (malloc) failed to allocate 42256 bytes for Chunk::new
# Possible reasons:
#   The system is out of physical RAM or swap space
#   The process is running with CompressedOops enabled, and the Java Heap may be blocking the growth of the native heap
# Possible solutions:
#   Reduce memory load on the system
#   Increase physical memory or swap space
#   Check if swap backing store is full
#   Decrease Java heap size (-Xmx/-Xms)
#   Decrease number of Java threads
#   Decrease Java thread stack sizes (-Xss)
#   Set larger code cache with -XX:ReservedCodeCacheSize=
#   JVM is running with Unscaled Compressed Oops mode in which the Java heap is
#     placed in the first 4GB address space. The Java Heap base address is the
#     maximum limit for the native heap growth. Please use -XX:HeapBaseMinAddress
#     to set the Java Heap base and to place the Java Heap above 4GB virtual address.
# This output file may be truncated or incomplete.
#
#  Out of Memory Error (allocation.cpp:389), pid=27972, tid=0x0000000000005f80
#
# JRE version: OpenJDK Runtime Environment (8.0_332-b08) (build 1.8.0_332-b08)
# Java VM: OpenJDK 64-Bit Server VM (25.332-b08 mixed mode windows-amd64 compressed oops)
# Failed to write core dump. Minidumps are not enabled by default on client versions of Windows
#

---------------  T H R E A D  ---------------

Current thread (0x000001b4a8f31000):  JavaThread "C2 CompilerThread0" daemon [_thread_in_native, id=24448, stack(0x00000086f6d00000,0x00000086f6e00000)]

Stack: [0x00000086f6d00000,0x00000086f6e00000]
[error occurred during error reporting (printing stack bounds), id 0xc0000005]

Native frames: (J=compiled Java code, j=interpreted, Vv=VM code, C=native code)


Current CompileTask:
C2:   4064 2408       4       org.codehaus.plexus.util.xml.Xpp3Dom::<init> (125 bytes)


---------------  P R O C E S S  ---------------

Java Threads: ( => current thread )
  0x000001b4a8f4d800 JavaThread "Service Thread" daemon [_thread_blocked, id=17376, stack(0x00000086f7100000,0x00000086f7200000)]
  0x000001b4a8f40800 JavaThread "C1 CompilerThread3" daemon [_thread_in_native, id=24308, stack(0x00000086f7000000,0x00000086f7100000)]
  0x000001b4a8f33800 JavaThread "C2 CompilerThread2" daemon [_thread_in_native, id=5948, stack(0x00000086f6f00000,0x00000086f7000000)]
  0x000001b4a8f32800 JavaThread "C2 CompilerThread1" daemon [_thread_in_native, id=3920, stack(0x00000086f6e00000,0x00000086f6f00000)]
=>0x000001b4a8f31000 JavaThread "C2 CompilerThread0" daemon [_thread_in_native, id=24448, stack(0x00000086f6d00000,0x00000086f6e00000)]
  0x000001b4a8f2c000 JavaThread "Monitor Ctrl-Break" daemon [_thread_in_native, id=29192, stack(0x00000086f6c00000,0x00000086f6d00000)]
  0x000001b4a71ef000 JavaThread "Attach Listener" daemon [_thread_blocked, id=10208, stack(0x00000086f6b00000,0x00000086f6c00000)]
  0x000001b4a71ec000 JavaThread "Signal Dispatcher" daemon [_thread_blocked, id=23668, stack(0x00000086f6a00000,0x00000086f6b00000)]
  0x000001b4a7171000 JavaThread "Finalizer" daemon [_thread_blocked, id=26276, stack(0x00000086f6900000,0x00000086f6a00000)]
  0x000001b4a7168800 JavaThread "Reference Handler" daemon [_thread_blocked, id=11224, stack(0x00000086f6800000,0x00000086f6900000)]
  0x000001b490d11000 JavaThread "main" [_thread_in_native, id=16756, stack(0x00000086f5e00000,0x00000086f5f00000)]

Other Threads:
  0x000001b4a7139000 VMThread [stack: 0x00000086f6700000,0x00000086f6800000] [id=28408]
  0x000001b4a8f4f800 WatcherThread [stack: 0x00000086f7200000,0x00000086f7300000] [id=24672]

VM state:not at safepoint (normal execution)

VM Mutex/Monitor currently owned by a thread: None

heap address: 0x0000000083800000, size: 1992 MB, Compressed Oops mode: 32-bit
Narrow klass base: 0x0000000000000000, Narrow klass shift: 3
Compressed class space size: 1073741824 Address: 0x0000000100000000

Heap:
 PSYoungGen      total 70656K, used 9268K [0x00000000d6800000, 0x00000000df200000, 0x0000000100000000)
  eden space 65536K, 6% used [0x00000000d6800000,0x00000000d6c13180,0x00000000da800000)
  from space 5120K, 99% used [0x00000000da800000,0x00000000dacfa020,0x00000000dad00000)
  to   space 5120K, 0% used [0x00000000ded00000,0x00000000ded00000,0x00000000df200000)
 ParOldGen       total 86016K, used 8997K [0x0000000083800000, 0x0000000088c00000, 0x00000000d6800000)
  object space 86016K, 10% used [0x0000000083800000,0x00000000840c9710,0x0000000088c00000)
 Metaspace       used 16274K, capacity 16578K, committed 16896K, reserved 1064960K
  class space    used 1928K, capacity 2010K, committed 2048K, reserved 1048576K

Card table byte_map: [0x000001b4a1e50000,0x000001b4a2240000] byte_map_base: 0x000001b4a1a34000

Marking Bits: (ParMarkBitMap*) 0x0000000072d87850
 Begin Bits: [0x000001b4a24e0000, 0x000001b4a4400000)
 End Bits:   [0x000001b4a4400000, 0x000001b4a6320000)

Polling page: 0x000001b490ec0000

CodeCache: size=245760Kb used=8208Kb max_used=8208Kb free=237551Kb
 bounds [0x000001b492a90000, 0x000001b4932a0000, 0x000001b4a1a90000]
 total_blobs=2798 nmethods=2421 adapters=289
 compilation: enabled

Compilation events (10 events):
Event: 4.040 Thread 0x000001b4a8f40800 2430       3       sun.util.locale.BaseLocale::equals (71 bytes)
Event: 4.040 Thread 0x000001b4a8f40800 nmethod 2430 0x000001b49328f190 code [0x000001b49328f300, 0x000001b49328f7f8]
Event: 4.043 Thread 0x000001b4a8f40800 2431       3       org.eclipse.aether.RequestTrace::<init> (15 bytes)
Event: 4.043 Thread 0x000001b4a8f40800 nmethod 2431 0x000001b49328f8d0 code [0x000001b49328fa20, 0x000001b49328fbf8]
Event: 4.046 Thread 0x000001b4a8f40800 2432   !   3       java.util.Formatter::format (271 bytes)
Event: 4.048 Thread 0x000001b4a8f40800 nmethod 2432 0x000001b49328fcd0 code [0x000001b49328ff80, 0x000001b493291070]
Event: 4.053 Thread 0x000001b4a8f40800 2434   !   3       java.util.regex.Pattern::<init> (98 bytes)
Event: 4.054 Thread 0x000001b4a8f40800 nmethod 2434 0x000001b493291d10 code [0x000001b493291f00, 0x000001b4932928b0]
Event: 4.054 Thread 0x000001b4a8f40800 2435       3       java.util.regex.Matcher::find (69 bytes)
Event: 4.054 Thread 0x000001b4a8f40800 nmethod 2435 0x000001b493292d90 code [0x000001b493292f00, 0x000001b4932932b0]

GC Heap History (6 events):
Event: 1.861 GC heap before
{Heap before GC invocations=1 (full 0):
 PSYoungGen      total 37888K, used 32768K [0x00000000d6800000, 0x00000000d9200000, 0x0000000100000000)
  eden space 32768K, 100% used [0x00000000d6800000,0x00000000d8800000,0x00000000d8800000)
  from space 5120K, 0% used [0x00000000d8d00000,0x00000000d8d00000,0x00000000d9200000)
  to   space 5120K, 0% used [0x00000000d8800000,0x00000000d8800000,0x00000000d8d00000)
 ParOldGen       total 86016K, used 0K [0x0000000083800000, 0x0000000088c00000, 0x00000000d6800000)
  object space 86016K, 0% used [0x0000000083800000,0x0000000083800000,0x0000000088c00000)
 Metaspace       used 8826K, capacity 8956K, committed 9088K, reserved 1056768K
  class space    used 1045K, capacity 1112K, committed 1152K, reserved 1048576K
Event: 1.955 GC heap after
Heap after GC invocations=1 (full 0):
 PSYoungGen      total 37888K, used 5110K [0x00000000d6800000, 0x00000000db200000, 0x0000000100000000)
  eden space 32768K, 0% used [0x00000000d6800000,0x00000000d6800000,0x00000000d8800000)
  from space 5120K, 99% used [0x00000000d8800000,0x00000000d8cfdac0,0x00000000d8d00000)
  to   space 5120K, 0% used [0x00000000dad00000,0x00000000dad00000,0x00000000db200000)
 ParOldGen       total 86016K, used 203K [0x0000000083800000, 0x0000000088c00000, 0x00000000d6800000)
  object space 86016K, 0% used [0x0000000083800000,0x0000000083832f38,0x0000000088c00000)
 Metaspace       used 8826K, capacity 8956K, committed 9088K, reserved 1056768K
  class space    used 1045K, capacity 1112K, committed 1152K, reserved 1048576K
}
Event: 2.457 GC heap before
{Heap before GC invocations=2 (full 0):
 PSYoungGen      total 37888K, used 37878K [0x00000000d6800000, 0x00000000db200000, 0x0000000100000000)
  eden space 32768K, 100% used [0x00000000d6800000,0x00000000d8800000,0x00000000d8800000)
  from space 5120K, 99% used [0x00000000d8800000,0x00000000d8cfdac0,0x00000000d8d00000)
  to   space 5120K, 0% used [0x00000000dad00000,0x00000000dad00000,0x00000000db200000)
 ParOldGen       total 86016K, used 203K [0x0000000083800000, 0x0000000088c00000, 0x00000000d6800000)
  object space 86016K, 0% used [0x0000000083800000,0x0000000083832f38,0x0000000088c00000)
 Metaspace       used 11527K, capacity 11790K, committed 12032K, reserved 1060864K
  class space    used 1391K, capacity 1478K, committed 1536K, reserved 1048576K
Event: 2.463 GC heap after
Heap after GC invocations=2 (full 0):
 PSYoungGen      total 70656K, used 5115K [0x00000000d6800000, 0x00000000db200000, 0x0000000100000000)
  eden space 65536K, 0% used [0x00000000d6800000,0x00000000d6800000,0x00000000da800000)
  from space 5120K, 99% used [0x00000000dad00000,0x00000000db1fef50,0x00000000db200000)
  to   space 5120K, 0% used [0x00000000da800000,0x00000000da800000,0x00000000dad00000)
 ParOldGen       total 86016K, used 1821K [0x0000000083800000, 0x0000000088c00000, 0x00000000d6800000)
  object space 86016K, 2% used [0x0000000083800000,0x00000000839c7670,0x0000000088c00000)
 Metaspace       used 11527K, capacity 11790K, committed 12032K, reserved 1060864K
  class space    used 1391K, capacity 1478K, committed 1536K, reserved 1048576K
}
Event: 3.934 GC heap before
{Heap before GC invocations=3 (full 0):
 PSYoungGen      total 70656K, used 70651K [0x00000000d6800000, 0x00000000db200000, 0x0000000100000000)
  eden space 65536K, 100% used [0x00000000d6800000,0x00000000da800000,0x00000000da800000)
  from space 5120K, 99% used [0x00000000dad00000,0x00000000db1fef50,0x00000000db200000)
  to   space 5120K, 0% used [0x00000000da800000,0x00000000da800000,0x00000000dad00000)
 ParOldGen       total 86016K, used 1821K [0x0000000083800000, 0x0000000088c00000, 0x00000000d6800000)
  object space 86016K, 2% used [0x0000000083800000,0x00000000839c7670,0x0000000088c00000)
 Metaspace       used 16232K, capacity 16514K, committed 16640K, reserved 1064960K
  class space    used 1928K, capacity 2010K, committed 2048K, reserved 1048576K
Event: 3.988 GC heap after
Heap after GC invocations=3 (full 0):
 PSYoungGen      total 70656K, used 5096K [0x00000000d6800000, 0x00000000df200000, 0x0000000100000000)
  eden space 65536K, 0% used [0x00000000d6800000,0x00000000d6800000,0x00000000da800000)
  from space 5120K, 99% used [0x00000000da800000,0x00000000dacfa020,0x00000000dad00000)
  to   space 5120K, 0% used [0x00000000ded00000,0x00000000ded00000,0x00000000df200000)
 ParOldGen       total 86016K, used 8997K [0x0000000083800000, 0x0000000088c00000, 0x00000000d6800000)
  object space 86016K, 10% used [0x0000000083800000,0x00000000840c9710,0x0000000088c00000)
 Metaspace       used 16232K, capacity 16514K, committed 16640K, reserved 1064960K
  class space    used 1928K, capacity 2010K, committed 2048K, reserved 1048576K
}

Deoptimization events (10 events):
Event: 3.200 Thread 0x000001b490d11000 Uncommon trap: reason=unstable_if action=reinterpret pc=0x000001b492ce21f8 method=java.lang.AbstractStringBuilder.append(Ljava/lang/String;)Ljava/lang/AbstractStringBuilder; @ 1
Event: 3.230 Thread 0x000001b490d11000 Uncommon trap: reason=unstable_if action=reinterpret pc=0x000001b492c79830 method=java.lang.String.replace(CC)Ljava/lang/String; @ 2
Event: 3.333 Thread 0x000001b490d11000 Uncommon trap: reason=unstable_if action=reinterpret pc=0x000001b4930a7448 method=org.codehaus.plexus.util.xml.pull.MXParser.nextImpl()I @ 1053
Event: 3.367 Thread 0x000001b490d11000 Uncommon trap: reason=unstable_if action=reinterpret pc=0x000001b492e2bdec method=java.lang.String.regionMatches(ZILjava/lang/String;II)Z @ 25
Event: 3.386 Thread 0x000001b490d11000 Uncommon trap: reason=unstable_if action=reinterpret pc=0x000001b4930f74e0 method=org.codehaus.plexus.util.xml.pull.MXParser.nextImpl()I @ 924
Event: 3.393 Thread 0x000001b490d11000 Uncommon trap: reason=unstable_if action=reinterpret pc=0x000001b493066f24 method=org.codehaus.plexus.util.xml.pull.MXParser.isS(C)Z @ 21
Event: 3.426 Thread 0x000001b490d11000 Uncommon trap: reason=null_check action=make_not_entrant pc=0x000001b4931278e8 method=org.apache.maven.model.io.xpp3.MavenXpp3ReaderEx.checkFieldWithDuplicate(Lorg/codehaus/plexus/util/xml/pull/XmlPullParser;Ljava/lang/String;Ljava/lang/String;Ljava/util/
Event: 3.484 Thread 0x000001b490d11000 Uncommon trap: reason=unstable_if action=reinterpret pc=0x000001b49313de1c method=org.codehaus.plexus.util.xml.pull.MXParser.nextImpl()I @ 972
Event: 3.546 Thread 0x000001b490d11000 Uncommon trap: reason=unstable_if action=reinterpret pc=0x000001b4931216c4 method=org.apache.maven.model.validation.DefaultModelValidator.isValidIdCharacter(C)Z @ 51
Event: 3.783 Thread 0x000001b490d11000 Uncommon trap: reason=null_check action=make_not_entrant pc=0x000001b4932256e0 method=org.apache.maven.model.io.xpp3.MavenXpp3Reader.checkFieldWithDuplicate(Lorg/codehaus/plexus/util/xml/pull/XmlPullParser;Ljava/lang/String;Ljava/lang/String;Ljava/util/Se

Classes redefined (0 events):
No events

Internal exceptions (10 events):
Event: 0.241 Thread 0x000001b490d11000 Exception <a 'java/security/PrivilegedActionException'> (0x00000000d6da45f0) thrown at [C:\wsjdk\Corretto8Src\installers\windows\zip\corretto-build\buildRoot\src\hotspot\src\share\vm\prims\jvm.cpp, line 1524]
Event: 0.241 Thread 0x000001b490d11000 Exception <a 'java/security/PrivilegedActionException'> (0x00000000d6da49e8) thrown at [C:\wsjdk\Corretto8Src\installers\windows\zip\corretto-build\buildRoot\src\hotspot\src\share\vm\prims\jvm.cpp, line 1524]
Event: 2.850 Thread 0x000001b490d11000 Exception <a 'java/lang/NoClassDefFoundError': com/google/inject/servlet/ServletModuleTargetVisitor> (0x00000000d7b5f8d8) thrown at [C:\wsjdk\Corretto8Src\installers\windows\zip\corretto-build\buildRoot\src\hotspot\src\share\vm\classfile\systemDictionary.
Event: 2.850 Thread 0x000001b490d11000 Exception <a 'java/lang/NoClassDefFoundError'> (0x00000000d7b5f8d8) thrown at [C:\wsjdk\Corretto8Src\installers\windows\zip\corretto-build\buildRoot\src\hotspot\src\share\vm\prims\jvm.cpp, line 1528]
Event: 2.851 Thread 0x000001b490d11000 Exception <a 'java/lang/NoClassDefFoundError': javax/annotation/Priority> (0x00000000d7b64928) thrown at [C:\wsjdk\Corretto8Src\installers\windows\zip\corretto-build\buildRoot\src\hotspot\src\share\vm\classfile\systemDictionary.cpp, line 206]
Event: 2.996 Thread 0x000001b490d11000 Implicit null exception at 0x000001b492ba9c55 to 0x000001b492ba9e29
Event: 3.200 Thread 0x000001b490d11000 Implicit null exception at 0x000001b492d270d6 to 0x000001b492d2747d
Event: 3.200 Thread 0x000001b490d11000 Implicit null exception at 0x000001b492ce1e19 to 0x000001b492ce21e1
Event: 3.426 Thread 0x000001b490d11000 Implicit null exception at 0x000001b493126532 to 0x000001b4931278d1
Event: 3.783 Thread 0x000001b490d11000 Implicit null exception at 0x000001b4932241ee to 0x000001b4932256c9

Events (10 events):
Event: 3.847 loading class org/eclipse/aether/internal/impl/collect/DataPool$Descriptor
Event: 3.847 loading class org/eclipse/aether/internal/impl/collect/DataPool$Descriptor done
Event: 3.849 loading class org/eclipse/aether/internal/impl/collect/DataPool$GraphKey
Event: 3.849 loading class org/eclipse/aether/internal/impl/collect/DataPool$GraphKey done
Event: 3.851 loading class org/eclipse/aether/collection/DependencyManagement
Event: 3.851 loading class org/eclipse/aether/collection/DependencyManagement done
Event: 3.933 Executing VM operation: ParallelGCFailedAllocation
Event: 3.988 Executing VM operation: ParallelGCFailedAllocation done
Event: 4.049 Thread 0x000001b490d11000 DEOPT PACKING pc=0x000001b4930df1e2 sp=0x00000086f5efc940
Event: 4.049 Thread 0x000001b490d11000 DEOPT UNPACKING pc=0x000001b492ad75d8 sp=0x00000086f5efc6e0 mode 0


Dynamic libraries:
0x00007ff7f8330000 - 0x00007ff7f836a000 	C:\Users\∂≈Œ∞\.jdks\corretto-1.8.0_332\bin\java.exe
0x00007ffc5f550000 - 0x00007ffc5f748000 	C:\Windows\SYSTEM32\ntdll.dll
0x00007ffc5e820000 - 0x00007ffc5e8df000 	C:\Windows\System32\KERNEL32.DLL
0x00007ffc5ce60000 - 0x00007ffc5d132000 	C:\Windows\System32\KERNELBASE.dll
0x00007ffc5e0a0000 - 0x00007ffc5e14e000 	C:\Windows\System32\ADVAPI32.dll
0x00007ffc5e780000 - 0x00007ffc5e81e000 	C:\Windows\System32\msvcrt.dll
0x00007ffc5ea90000 - 0x00007ffc5eb2c000 	C:\Windows\System32\sechost.dll
0x00007ffc5df70000 - 0x00007ffc5e094000 	C:\Windows\System32\RPCRT4.dll
0x00007ffc5e5d0000 - 0x00007ffc5e771000 	C:\Windows\System32\USER32.dll
0x00007ffc5d430000 - 0x00007ffc5d452000 	C:\Windows\System32\win32u.dll
0x00007ffc5e8e0000 - 0x00007ffc5e90b000 	C:\Windows\System32\GDI32.dll
0x00007ffc5cc50000 - 0x00007ffc5cd5f000 	C:\Windows\System32\gdi32full.dll
0x00007ffc5d140000 - 0x00007ffc5d1dd000 	C:\Windows\System32\msvcp_win.dll
0x00007ffc5cd60000 - 0x00007ffc5ce60000 	C:\Windows\System32\ucrtbase.dll
0x00007ffc49fd0000 - 0x00007ffc4a26a000 	C:\Windows\WinSxS\amd64_microsoft.windows.common-controls_6595b64144ccf1df_6.0.19041.1110_none_60b5254171f9507e\COMCTL32.dll
0x00007ffc5f110000 - 0x00007ffc5f140000 	C:\Windows\System32\IMM32.DLL
0x00007ffc2bad0000 - 0x00007ffc2bbbf000 	C:\Users\∂≈Œ∞\.jdks\corretto-1.8.0_332\jre\bin\msvcr120.dll
0x00007ffc29290000 - 0x00007ffc29336000 	C:\Users\∂≈Œ∞\.jdks\corretto-1.8.0_332\jre\bin\msvcp120.dll
0x0000000072590000 - 0x0000000072e06000 	C:\Users\∂≈Œ∞\.jdks\corretto-1.8.0_332\jre\bin\server\jvm.dll
0x00007ffc5e5c0000 - 0x00007ffc5e5c8000 	C:\Windows\System32\PSAPI.DLL
0x00007ffc4a280000 - 0x00007ffc4a289000 	C:\Windows\SYSTEM32\WSOCK32.dll
0x00007ffc52530000 - 0x00007ffc5253a000 	C:\Windows\SYSTEM32\VERSION.dll
0x00007ffc44b00000 - 0x00007ffc44b27000 	C:\Windows\SYSTEM32\WINMM.dll
0x00007ffc5f4a0000 - 0x00007ffc5f50b000 	C:\Windows\System32\WS2_32.dll
0x00007ffc55490000 - 0x00007ffc5549f000 	C:\Users\∂≈Œ∞\.jdks\corretto-1.8.0_332\jre\bin\verify.dll
0x00007ffc53400000 - 0x00007ffc53429000 	C:\Users\∂≈Œ∞\.jdks\corretto-1.8.0_332\jre\bin\java.dll
0x00007ffc53010000 - 0x00007ffc5303a000 	C:\Users\∂≈Œ∞\.jdks\corretto-1.8.0_332\jre\bin\instrument.dll
0x00007ffc53240000 - 0x00007ffc53256000 	C:\Users\∂≈Œ∞\.jdks\corretto-1.8.0_332\jre\bin\zip.dll
0x00007ffc5d810000 - 0x00007ffc5df55000 	C:\Windows\System32\SHELL32.dll
0x00007ffc5a940000 - 0x00007ffc5b0d2000 	C:\Windows\SYSTEM32\windows.storage.dll
0x00007ffc5f140000 - 0x00007ffc5f495000 	C:\Windows\System32\combase.dll
0x00007ffc5c6b0000 - 0x00007ffc5c6e0000 	C:\Windows\SYSTEM32\Wldp.dll
0x00007ffc5ece0000 - 0x00007ffc5ed8d000 	C:\Windows\System32\SHCORE.dll
0x00007ffc5d7b0000 - 0x00007ffc5d805000 	C:\Windows\System32\shlwapi.dll
0x00007ffc5cb90000 - 0x00007ffc5cbaf000 	C:\Windows\SYSTEM32\profapi.dll
0x00007ffc52eb0000 - 0x00007ffc52eca000 	D:\soft\IntelliJ IDEA 2020.3.4\bin\breakgen64.dll
0x00007ffc53200000 - 0x00007ffc5321a000 	C:\Users\∂≈Œ∞\.jdks\corretto-1.8.0_332\jre\bin\net.dll
0x00007ffc5c410000 - 0x00007ffc5c47a000 	C:\Windows\system32\mswsock.dll
0x00007ffc5c610000 - 0x00007ffc5c628000 	C:\Windows\SYSTEM32\CRYPTSP.dll
0x00007ffc5bcc0000 - 0x00007ffc5bcf4000 	C:\Windows\system32\rsaenh.dll
0x00007ffc5d250000 - 0x00007ffc5d277000 	C:\Windows\System32\bcrypt.dll
0x00007ffc5cb10000 - 0x00007ffc5cb3e000 	C:\Windows\SYSTEM32\USERENV.dll
0x00007ffc5d510000 - 0x00007ffc5d592000 	C:\Windows\System32\bcryptprimitives.dll
0x00007ffc5c600000 - 0x00007ffc5c60c000 	C:\Windows\SYSTEM32\CRYPTBASE.dll
0x00007ffc5c0b0000 - 0x00007ffc5c0eb000 	C:\Windows\SYSTEM32\IPHLPAPI.DLL
0x00007ffc5eef0000 - 0x00007ffc5eef8000 	C:\Windows\System32\NSI.dll
0x00007ffc54380000 - 0x00007ffc54397000 	C:\Windows\SYSTEM32\dhcpcsvc6.DLL
0x00007ffc54360000 - 0x00007ffc5437d000 	C:\Windows\SYSTEM32\dhcpcsvc.DLL
0x00007ffc5c0f0000 - 0x00007ffc5c1bb000 	C:\Windows\SYSTEM32\DNSAPI.dll
0x00007ffc52ff0000 - 0x00007ffc53002000 	C:\Users\∂≈Œ∞\.jdks\corretto-1.8.0_332\jre\bin\nio.dll
0x00007ffc53480000 - 0x00007ffc5348a000 	C:\Users\∂≈Œ∞\AppData\Local\Temp\jansi-1.17.1-6838436012526796067.dll
0x00007ffc53440000 - 0x00007ffc5344a000 	C:\Users\∂≈Œ∞\AppData\Local\Temp\jansi-1.17.1-5061720316682684453.dll

VM Arguments:
jvm_args: -Dmaven.multiModuleProjectDirectory=D:\git≤÷ø‚\testgit1\reggier_take -Dmaven.home=D:\soft\IntelliJ IDEA 2020.3.4\plugins\maven\lib\maven3 -Dclassworlds.conf=D:\soft\IntelliJ IDEA 2020.3.4\plugins\maven\lib\maven3\bin\m2.conf -Dmaven.ext.class.path=D:\soft\IntelliJ IDEA 2020.3.4\plugins\maven\lib\maven-event-listener.jar -javaagent:D:\soft\IntelliJ IDEA 2020.3.4\lib\idea_rt.jar=60461:D:\soft\IntelliJ IDEA 2020.3.4\bin -Dfile.encoding=UTF-8 
java_command: org.codehaus.classworlds.Launcher -Didea.version=2020.3.4 install
java_class_path (initial): D:\soft\IntelliJ IDEA 2020.3.4\plugins\maven\lib\maven3\boot\plexus-classworlds-2.6.0.jar;D:\soft\IntelliJ IDEA 2020.3.4\plugins\maven\lib\maven3\boot\plexus-classworlds.license;D:\soft\IntelliJ IDEA 2020.3.4\lib\idea_rt.jar
Launcher Type: SUN_STANDARD

Environment Variables:
JAVA_HOME=C:\Program Files\Java\jdk-18
CLASSPATH=.;C:\Program Files\Java\jdk-18\bin;C:\Program Files\Java\jdk-18\lib\dt.jar;C:\Program Files\Java\jdk-18\lib\tools.jar;D:\environment\apache-tomcat-9.0.62\lib\servlet-api.jar
PATH=C:\Program Files\Common Files\Oracle\Java\javapath;C:\Windows\system32;C:\Windows;C:\Windows\System32\Wbem;C:\Windows\System32\WindowsPowerShell\v1.0\;C:\Windows\System32\OpenSSH\;C:\Program Files (x86)\NVIDIA Corporation\PhysX\Common;C:\Program Files\NVIDIA Corporation\NVIDIA NvDLISR;C:\Program Files\dotnet\;C:\Program Files\MySQL\MySQL Server 8.0\bin;C:\Program Files\Java\jdk-18\bin;D:\environment\apache-maven-3.6.2\bin;D:\environment\apache-tomcat-9.0.62\bin;D:\environment\nodejs\;D:\environment\Git\cmd;D:\soft\SVN\bin;C:\soft\xshell\;C:\soft\Xftp\;D:\sap;D:\sap\Library\mingw-w64\bin;D:\sap\Library\usr\bin;D:\sap\Library\bin;D:\sap\Scripts;D:\asc;D:\asc\Library\mingw-w64\bin;D:\asc\Library\usr\bin;D:\asc\Library\bin;D:\asc\Scripts;D:\py;D:\py\Library\mingw-w64\bin;D:\py\Library\usr\bin;D:\py\Library\bin;D:\py\Scripts;C:\Users\∂≈Œ∞\AppData\Local\Microsoft\WindowsApps;D:\pycharm\PyCharm Community Edition 2021.2.2\bin;;C:\Users\∂≈Œ∞\AppData\Roaming\npm
USERNAME=∂≈Œ∞
OS=Windows_NT
PROCESSOR_IDENTIFIER=Intel64 Family 6 Model 165 Stepping 2, GenuineIntel



---------------  S Y S T E M  ---------------

OS: Windows 10.0 , 64 bit Build 19041 (10.0.19041.2546)

CPU:total 8 (initial active 8) (4 cores per cpu, 2 threads per core) family 6 model 165 stepping 2, cmov, cx8, fxsr, mmx, sse, sse2, sse3, ssse3, sse4.1, sse4.2, popcnt, avx, avx2, aes, clmul, erms, 3dnowpref, lzcnt, ht, tsc, tscinvbit, bmi1, bmi2, adx

Memory: 4k page, physical 8158984k(340164k free), swap 24936200k(684k free)

vm_info: OpenJDK 64-Bit Server VM (25.332-b08) for windows-amd64 JRE (1.8.0_332-b08), built on Apr 16 2022 08:31:02 by "Administrator" with MS VC++ 12.0 (VS2013)

time: Sat Apr 08 13:10:08 2023
timezone: ?D1®≤°¿®∫°¡?®∫°¿??
elapsed time: 4.076681 seconds (0d 0h 0m 4s)

